[2026-06-15 13:11:11] local.ERROR: Unable to locate a class or view for component [layouts.public]. {"userId":1,"exception":"[object] (InvalidArgumentException(code: 0): Unable to locate a class or view for component [layouts.public]. at C:/Users/Agung Candra/Downloads/Compressed/sistem-pakar-laptop-laravel-mysql-migration/sistem-pakar-laravel/vendor/laravel/framework/src/Illuminate/View/Compilers/ComponentTagCompiler.php:316)
[stacktrace]
#0 C:/Users/Agung Candra/Downloads/Compressed/sistem-pakar-laptop-laravel-mysql-migration/sistem-pakar-laravel/vendor/laravel/framework/src/Illuminate/View/Compilers/ComponentTagCompiler.php(236): Illuminate/View/Compilers/ComponentTagCompiler->componentClass('layouts.public')
#1 C:/Users/Agung Candra/Downloads/Compressed/sistem-pakar-laptop-laravel-mysql-migration/sistem-pakar-laravel/vendor/laravel/framework/src/Illuminate/View/Compilers/ComponentTagCompiler.php(157): Illuminate/View/Compilers/ComponentTagCompiler->componentString('layouts.public', Array)
#2 [internal function]: Illuminate/View/Compilers/ComponentTagCompiler->Illuminate/View/Compilers/{closure}(Array)
#3 C:/Users/Agung Candra/Downloads/Compressed/sistem-pakar-laptop-laravel-mysql-migration/sistem-pakar-laravel/vendor/laravel/framework/src/Illuminate/View/Compilers/ComponentTagCompiler.php(152): preg_replace_callback('//r/n            ...', Object(Closure), '<x-layouts.publ...')
#4 C:/Users/Agung Candra/Downloads/Compressed/sistem-pakar-laptop-laravel-mysql-migration/sistem-pakar-laravel/vendor/laravel/framework/src/Illuminate/View/Compilers/ComponentTagCompiler.php(91): Illuminate/View/Compilers/ComponentTagCompiler->compileOpeningTags('<x-layouts.publ...')
#5 C:/Users/Agung Candra/Downloads/Compressed/sistem-pakar-laptop-laravel-mysql-migration/sistem-pakar-laravel/vendor/laravel/framework/src/Illuminate/View/Compilers/ComponentTagCompiler.php(77): Illuminate/View/Compilers/ComponentTagCompiler->compileTags('<x-layouts.publ...')
#6 C:/Users/Agung Candra/Downloads/Compressed/sistem-pakar-laptop-laravel-mysql-migration/sistem-pakar-laravel/vendor/laravel/framework/src/Illuminate/View/Compilers/BladeCompiler.php(440): Illuminate/View/Compilers/ComponentTagCompiler->compile('<x-layouts.publ...')
#7 C:/Users/Agung Candra/Downloads/Compressed/sistem-pakar-laptop-laravel-mysql-migration/sistem-pakar-laravel/vendor/laravel/framework/src/Illuminate/View/Compilers/BladeCompiler.php(272): Illuminate/View/Compilers/BladeCompiler->compileComponentTags('<x-layouts.publ...')
#8 C:/Users/Agung Candra/Downloads/Compressed/sistem-pakar-laptop-laravel-mysql-migration/sistem-pakar-laravel/vendor/laravel/framework/src/Illuminate/View/Compilers/BladeCompiler.php(186): Illuminate/View/Compilers/BladeCompiler->compileString('<x-layouts.publ...')
#9 C:/Users/Agung Candra/Downloads/Compressed/sistem-pakar-laptop-laravel-mysql-migration/sistem-pakar-laravel/vendor/laravel/framework/src/Illuminate/View/Engines/CompilerEngine.php(67): Illuminate/View/Compilers/BladeCompiler->compile('C://Users//Agung ...')
#10 C:/Users/Agung Candra/Downloads/Compressed/sistem-pakar-laptop-laravel-mysql-migration/sistem-pakar-laravel/vendor/laravel/framework/src/Illuminate/View/View.php(209): Illuminate/View/Engines/CompilerEngine->get('C://Users//Agung ...', Array)
#11 C:/Users/Agung Candra/Downloads/Compressed/sistem-pakar-laptop-laravel-mysql-migration/sistem-pakar-laravel/vendor/laravel/framework/src/Illuminate/View/View.php(192): Illuminate/View/View->getContents()
#12 C:/Users/Agung Candra/Downloads/Compressed/sistem-pakar-laptop-laravel-mysql-migration/sistem-pakar-laravel/vendor/laravel/framework/src/Illuminate/View/View.php(161): Illuminate/View/View->renderContents()
#13 C:/Users/Agung Candra/Downloads/Compressed/sistem-pakar-laptop-laravel-mysql-migration/sistem-pakar-laravel/vendor/laravel/framework/src/Illuminate/Http/Response.php(79): Illuminate/View/View->render()
#14 C:/Users/Agung Candra/Downloads/Compressed/sistem-pakar-laptop-laravel-mysql-migration/sistem-pakar-laravel/vendor/laravel/framework/src/Illuminate/Http/Response.php(35): Illuminate/Http/Response->setContent(Object(Illuminate/View/View))
#15 C:/Users/Agung Candra/Downloads/Compressed/sistem-pakar-laptop-laravel-mysql-migration/sistem-pakar-laravel/vendor/laravel/framework/src/Illuminate/Routing/Router.php(920): Illuminate/Http/Response->__construct(Object(Illuminate/View/View), 200, Array)
#16 C:/Users/Agung Candra/Downloads/Compressed/sistem-pakar-laptop-laravel-mysql-migration/sistem-pakar-laravel/vendor/laravel/framework/src/Illuminate/Routing/Router.php(887): Illuminate/Routing/Router::toResponse(Object(Illuminate/Http/Request), Object(Illuminate/View/View))
#17 C:/Users/Agung Candra/Downloads/Compressed/sistem-pakar-laptop-laravel-mysql-migration/sistem-pakar-laravel/vendor/laravel/framework/src/Illuminate/Routing/Router.php(807): Illuminate/Routing/Router->prepareResponse(Object(Illuminate/Http/Request), Object(Illuminate/View/View))
#18 C:/Users/Agung Candra/Downloads/Compressed/sistem-pakar-laptop-laravel-mysql-migration/sistem-pakar-laravel/vendor/laravel/framework/src/Illuminate/Pipeline/Pipeline.php(170): Illuminate/Routing/Router->Illuminate/Routing/{closure}(Object(Illuminate/Http/Request))
#19 C:/Users/Agung Candra/Downloads/Compressed/sistem-pakar-laptop-laravel-mysql-migration/sistem-pakar-laravel/vendor/laravel/framework/src/Illuminate/Routing/Middleware/SubstituteBindings.php(51): Illuminate/Pipeline/Pipeline->Illuminate/Pipeline/{closure}(Object(Illuminate/Http/Request))
#20 C:/Users/Agung Candra/Downloads/Compressed/sistem-pakar-laptop-laravel-mysql-migration/sistem-pakar-laravel/vendor/laravel/framework/src/Illuminate/Pipeline/Pipeline.php(209): Illuminate/Routing/Middleware/SubstituteBindings->handle(Object(Illuminate/Http/Request), Object(Closure))
#21 C:/Users/Agung Candra/Downloads/Compressed/sistem-pakar-laptop-laravel-mysql-migration/sistem-pakar-laravel/vendor/laravel/framework/src/Illuminate/Foundation/Http/Middleware/VerifyCsrfToken.php(88): Illuminate/Pipeline/Pipeline->Illuminate/Pipeline/{closure}(Object(Illuminate/Http/Request))
#22 C:/Users/Agung Candra/Downloads/Compressed/sistem-pakar-laptop-laravel-mysql-migration/sistem-pakar-laravel/vendor/laravel/framework/src/Illuminate/Pipeline/Pipeline.php(209): Illuminate/Foundation/Http/Middleware/VerifyCsrfToken->handle(Object(Illuminate/Http/Request), Object(Closure))
#23 C:/Users/Agung Candra/Downloads/Compressed/sistem-pakar-laptop-laravel-mysql-migration/sistem-pakar-laravel/vendor/laravel/framework/src/Illuminate/View/Middleware/ShareErrorsFromSession.php(49): Illuminate/Pipeline/Pipeline->Illuminate/Pipeline/{closure}(Object(Illuminate/Http/Request))
#24 C:/Users/Agung Candra/Downloads/Compressed/sistem-pakar-laptop-laravel-mysql-migration/sistem-pakar-laravel/vendor/laravel/framework/src/Illuminate/Pipeline/Pipeline.php(209): Illuminate/View/Middleware/ShareErrorsFromSession->handle(Object(Illuminate/Http/Request), Object(Closure))
#25 C:/Users/Agung Candra/Downloads/Compressed/sistem-pakar-laptop-laravel-mysql-migration/sistem-pakar-laravel/vendor/laravel/framework/src/Illuminate/Session/Middleware/StartSession.php(121): Illuminate/Pipeline/Pipeline->Illuminate/Pipeline/{closure}(Object(Illuminate/Http/Request))
#26 C:/Users/Agung Candra/Downloads/Compressed/sistem-pakar-laptop-laravel-mysql-migration/sistem-pakar-laravel/vendor/laravel/framework/src/Illuminate/Session/Middleware/StartSession.php(64): Illuminate/Session/Middleware/StartSession->handleStatefulRequest(Object(Illuminate/Http/Request), Object(Illuminate/Session/Store), Object(Closure))
#27 C:/Users/Agung Candra/Downloads/Compressed/sistem-pakar-laptop-laravel-mysql-migration/sistem-pakar-laravel/vendor/laravel/framework/src/Illuminate/Pipeline/Pipeline.php(209): Illuminate/Session/Middleware/StartSession->handle(Object(Illuminate/Http/Request), Object(Closure))
#28 C:/Users/Agung Candra/Downloads/Compressed/sistem-pakar-laptop-laravel-mysql-migration/sistem-pakar-laravel/vendor/laravel/framework/src/Illuminate/Cookie/Middleware/AddQueuedCookiesToResponse.php(37): Illuminate/Pipeline/Pipeline->Illuminate/Pipeline/{closure}(Object(Illuminate/Http/Request))
#29 C:/Users/Agung Candra/Downloads/Compressed/sistem-pakar-laptop-laravel-mysql-migration/sistem-pakar-laravel/vendor/laravel/framework/src/Illuminate/Pipeline/Pipeline.php(209): Illuminate/Cookie/Middleware/AddQueuedCookiesToResponse->handle(Object(Illuminate/Http/Request), Object(Closure))
#30 C:/Users/Agung Candra/Downloads/Compressed/sistem-pakar-laptop-laravel-mysql-migration/sistem-pakar-laravel/vendor/laravel/framework/src/Illuminate/Cookie/Middleware/EncryptCookies.php(75): Illuminate/Pipeline/Pipeline->Illuminate/Pipeline/{closure}(Object(Illuminate/Http/Request))
#31 C:/Users/Agung Candra/Downloads/Compressed/sistem-pakar-laptop-laravel-mysql-migration/sistem-pakar-laravel/vendor/laravel/framework/src/Illuminate/Pipeline/Pipeline.php(209): Illuminate/Cookie/Middleware/EncryptCookies->handle(Object(Illuminate/Http/Request), Object(Closure))
#32 C:/Users/Agung Candra/Downloads/Compressed/sistem-pakar-laptop-laravel-mysql-migration/sistem-pakar-laravel/vendor/laravel/framework/src/Illuminate/Pipeline/Pipeline.php(127): Illuminate/Pipeline/Pipeline->Illuminate/Pipeline/{closure}(Object(Illuminate/Http/Request))
#33 C:/Users/Agung Candra/Downloads/Compressed/sistem-pakar-laptop-laravel-mysql-migration/sistem-pakar-laravel/vendor/laravel/framework/src/Illuminate/Routing/Router.php(807): Illuminate/Pipeline/Pipeline->then(Object(Closure))
#34 C:/Users/Agung Candra/Downloads/Compressed/sistem-pakar-laptop-laravel-mysql-migration/sistem-pakar-laravel/vendor/laravel/framework/src/Illuminate/Routing/Router.php(786): Illuminate/Routing/Router->runRouteWithinStack(Object(Illuminate/Routing/Route), Object(Illuminate/Http/Request))
#35 C:/Users/Agung Candra/Downloads/Compressed/sistem-pakar-laptop-laravel-mysql-migration/sistem-pakar-laravel/vendor/laravel/framework/src/Illuminate/Routing/Router.php(750): Illuminate/Routing/Router->runRoute(Object(Illuminate/Http/Request), Object(Illuminate/Routing/Route))
#36 C:/Users/Agung Candra/Downloads/Compressed/sistem-pakar-laptop-laravel-mysql-migration/sistem-pakar-laravel/vendor/laravel/framework/src/Illuminate/Routing/Router.php(739): Illuminate/Routing/Router->dispatchToRoute(Object(Illuminate/Http/Request))
#37 C:/Users/Agung Candra/Downloads/Compressed/sistem-pakar-laptop-laravel-mysql-migration/sistem-pakar-laravel/vendor/laravel/framework/src/Illuminate/Foundation/Http/Kernel.php(201): Illuminate/Routing/Router->dispatch(Object(Illuminate/Http/Request))
#38 C:/Users/Agung Candra/Downloads/Compressed/sistem-pakar-laptop-laravel-mysql-migration/sistem-pakar-laravel/vendor/laravel/framework/src/Illuminate/Pipeline/Pipeline.php(170): Illuminate/Foundation/Http/Kernel->Illuminate/Foundation/Http/{closure}(Object(Illuminate/Http/Request))
#39 C:/Users/Agung Candra/Downloads/Compressed/sistem-pakar-laptop-laravel-mysql-migration/sistem-pakar-laravel/vendor/laravel/framework/src/Illuminate/Foundation/Http/Middleware/TransformsRequest.php(21): Illuminate/Pipeline/Pipeline->Illuminate/Pipeline/{closure}(Object(Illuminate/Http/Request))
#40 C:/Users/Agung Candra/Downloads/Compressed/sistem-pakar-laptop-laravel-mysql-migration/sistem-pakar-laravel/vendor/laravel/framework/src/Illuminate/Foundation/Http/Middleware/ConvertEmptyStringsToNull.php(31): Illuminate/Foundation/Http/Middleware/TransformsRequest->handle(Object(Illuminate/Http/Request), Object(Closure))
#41 C:/Users/Agung Candra/Downloads/Compressed/sistem-pakar-laptop-laravel-mysql-migration/sistem-pakar-laravel/vendor/laravel/framework/src/Illuminate/Pipeline/Pipeline.php(209): Illuminate/Foundation/Http/Middleware/ConvertEmptyStringsToNull->handle(Object(Illuminate/Http/Request), Object(Closure))
#42 C:/Users/Agung Candra/Downloads/Compressed/sistem-pakar-laptop-laravel-mysql-migration/sistem-pakar-laravel/vendor/laravel/framework/src/Illuminate/Foundation/Http/Middleware/TransformsRequest.php(21): Illuminate/Pipeline/Pipeline->Illuminate/Pipeline/{closure}(Object(Illuminate/Http/Request))
#43 C:/Users/Agung Candra/Downloads/Compressed/sistem-pakar-laptop-laravel-mysql-migration/sistem-pakar-laravel/vendor/laravel/framework/src/Illuminate/Foundation/Http/Middleware/TrimStrings.php(51): Illuminate/Foundation/Http/Middleware/TransformsRequest->handle(Object(Illuminate/Http/Request), Object(Closure))
#44 C:/Users/Agung Candra/Downloads/Compressed/sistem-pakar-laptop-laravel-mysql-migration/sistem-pakar-laravel/vendor/laravel/framework/src/Illuminate/Pipeline/Pipeline.php(209): Illuminate/Foundation/Http/Middleware/TrimStrings->handle(Object(Illuminate/Http/Request), Object(Closure))
#45 C:/Users/Agung Candra/Downloads/Compressed/sistem-pakar-laptop-laravel-mysql-migration/sistem-pakar-laravel/vendor/laravel/framework/src/Illuminate/Http/Middleware/ValidatePostSize.php(27): Illuminate/Pipeline/Pipeline->Illuminate/Pipeline/{closure}(Object(Illuminate/Http/Request))
#46 C:/Users/Agung Candra/Downloads/Compressed/sistem-pakar-laptop-laravel-mysql-migration/sistem-pakar-laravel/vendor/laravel/framework/src/Illuminate/Pipeline/Pipeline.php(209): Illuminate/Http/Middleware/ValidatePostSize->handle(Object(Illuminate/Http/Request), Object(Closure))
#47 C:/Users/Agung Candra/Downloads/Compressed/sistem-pakar-laptop-laravel-mysql-migration/sistem-pakar-laravel/vendor/laravel/framework/src/Illuminate/Foundation/Http/Middleware/PreventRequestsDuringMaintenance.php(110): Illuminate/Pipeline/Pipeline->Illuminate/Pipeline/{closure}(Object(Illuminate/Http/Request))
#48 C:/Users/Agung Candra/Downloads/Compressed/sistem-pakar-laptop-laravel-mysql-migration/sistem-pakar-laravel/vendor/laravel/framework/src/Illuminate/Pipeline/Pipeline.php(209): Illuminate/Foundation/Http/Middleware/PreventRequestsDuringMaintenance->handle(Object(Illuminate/Http/Request), Object(Closure))
#49 C:/Users/Agung Candra/Downloads/Compressed/sistem-pakar-laptop-laravel-mysql-migration/sistem-pakar-laravel/vendor/laravel/framework/src/Illuminate/Http/Middleware/HandleCors.php(49): Illuminate/Pipeline/Pipeline->Illuminate/Pipeline/{closure}(Object(Illuminate/Http/Request))
#50 C:/Users/Agung Candra/Downloads/Compressed/sistem-pakar-laptop-laravel-mysql-migration/sistem-pakar-laravel/vendor/laravel/framework/src/Illuminate/Pipeline/Pipeline.php(209): Illuminate/Http/Middleware/HandleCors->handle(Object(Illuminate/Http/Request), Object(Closure))
#51 C:/Users/Agung Candra/Downloads/Compressed/sistem-pakar-laptop-laravel-mysql-migration/sistem-pakar-laravel/vendor/laravel/framework/src/Illuminate/Http/Middleware/TrustProxies.php(58): Illuminate/Pipeline/Pipeline->Illuminate/Pipeline/{closure}(Object(Illuminate/Http/Request))
#52 C:/Users/Agung Candra/Downloads/Compressed/sistem-pakar-laptop-laravel-mysql-migration/sistem-pakar-laravel/vendor/laravel/framework/src/Illuminate/Pipeline/Pipeline.php(209): Illuminate/Http/Middleware/TrustProxies->handle(Object(Illuminate/Http/Request), Object(Closure))
#53 C:/Users/Agung Candra/Downloads/Compressed/sistem-pakar-laptop-laravel-mysql-migration/sistem-pakar-laravel/vendor/laravel/framework/src/Illuminate/Foundation/Http/Middleware/InvokeDeferredCallbacks.php(22): Illuminate/Pipeline/Pipeline->Illuminate/Pipeline/{closure}(Object(Illuminate/Http/Request))
#54 C:/Users/Agung Candra/Downloads/Compressed/sistem-pakar-laptop-laravel-mysql-migration/sistem-pakar-laravel/vendor/laravel/framework/src/Illuminate/Pipeline/Pipeline.php(209): Illuminate/Foundation/Http/Middleware/InvokeDeferredCallbacks->handle(Object(Illuminate/Http/Request), Object(Closure))
#55 C:/Users/Agung Candra/Downloads/Compressed/sistem-pakar-laptop-laravel-mysql-migration/sistem-pakar-laravel/vendor/laravel/framework/src/Illuminate/Pipeline/Pipeline.php(127): Illuminate/Pipeline/Pipeline->Illuminate/Pipeline/{closure}(Object(Illuminate/Http/Request))
#56 C:/Users/Agung Candra/Downloads/Compressed/sistem-pakar-laptop-laravel-mysql-migration/sistem-pakar-laravel/vendor/laravel/framework/src/Illuminate/Foundation/Http/Kernel.php(176): Illuminate/Pipeline/Pipeline->then(Object(Closure))
#57 C:/Users/Agung Candra/Downloads/Compressed/sistem-pakar-laptop-laravel-mysql-migration/sistem-pakar-laravel/vendor/laravel/framework/src/Illuminate/Foundation/Http/Kernel.php(145): Illuminate/Foundation/Http/Kernel->sendRequestThroughRouter(Object(Illuminate/Http/Request))
#58 C:/Users/Agung Candra/Downloads/Compressed/sistem-pakar-laptop-laravel-mysql-migration/sistem-pakar-laravel/vendor/laravel/framework/src/Illuminate/Foundation/Application.php(1220): Illuminate/Foundation/Http/Kernel->handle(Object(Illuminate/Http/Request))
#59 C:/Users/Agung Candra/Downloads/Compressed/sistem-pakar-laptop-laravel-mysql-migration/sistem-pakar-laravel/public/index.php(17): Illuminate/Foundation/Application->handleRequest(Object(Illuminate/Http/Request))
#60 C:/Users/Agung Candra/Downloads/Compressed/sistem-pakar-laptop-laravel-mysql-migration/sistem-pakar-laravel/vendor/laravel/framework/src/Illuminate/Foundation/resources/server.php(23): require_once('C://Users//Agung ...')
#61 {main}
"} 
[2026-06-15 13:11:24] local.ERROR: Unable to locate a class or view for component [layouts.public]. {"userId":1,"exception":"[object] (InvalidArgumentException(code: 0): Unable to locate a class or view for component [layouts.public]. at C:/Users/Agung Candra/Downloads/Compressed/sistem-pakar-laptop-laravel-mysql-migration/sistem-pakar-laravel/vendor/laravel/framework/src/Illuminate/View/Compilers/ComponentTagCompiler.php:316)
[stacktrace]
#0 C:/Users/Agung Candra/Downloads/Compressed/sistem-pakar-laptop-laravel-mysql-migration/sistem-pakar-laravel/vendor/laravel/framework/src/Illuminate/View/Compilers/ComponentTagCompiler.php(236): Illuminate/View/Compilers/ComponentTagCompiler->componentClass('layouts.public')
#1 C:/Users/Agung Candra/Downloads/Compressed/sistem-pakar-laptop-laravel-mysql-migration/sistem-pakar-laravel/vendor/laravel/framework/src/Illuminate/View/Compilers/ComponentTagCompiler.php(157): Illuminate/View/Compilers/ComponentTagCompiler->componentString('layouts.public', Array)
#2 [internal function]: Illuminate/View/Compilers/ComponentTagCompiler->Illuminate/View/Compilers/{closure}(Array)
#3 C:/Users/Agung Candra/Downloads/Compressed/sistem-pakar-laptop-laravel-mysql-migration/sistem-pakar-laravel/vendor/laravel/framework/src/Illuminate/View/Compilers/ComponentTagCompiler.php(152): preg_replace_callback('//r/n            ...', Object(Closure), '<x-layouts.publ...')
#4 C:/Users/Agung Candra/Downloads/Compressed/sistem-pakar-laptop-laravel-mysql-migration/sistem-pakar-laravel/vendor/laravel/framework/src/Illuminate/View/Compilers/ComponentTagCompiler.php(91): Illuminate/View/Compilers/ComponentTagCompiler->compileOpeningTags('<x-layouts.publ...')
#5 C:/Users/Agung Candra/Downloads/Compressed/sistem-pakar-laptop-laravel-mysql-migration/sistem-pakar-laravel/vendor/laravel/framework/src/Illuminate/View/Compilers/ComponentTagCompiler.php(77): Illuminate/View/Compilers/ComponentTagCompiler->compileTags('<x-layouts.publ...')
#6 C:/Users/Agung Candra/Downloads/Compressed/sistem-pakar-laptop-laravel-mysql-migration/sistem-pakar-laravel/vendor/laravel/framework/src/Illuminate/View/Compilers/BladeCompiler.php(440): Illuminate/View/Compilers/ComponentTagCompiler->compile('<x-layouts.publ...')
#7 C:/Users/Agung Candra/Downloads/Compressed/sistem-pakar-laptop-laravel-mysql-migration/sistem-pakar-laravel/vendor/laravel/framework/src/Illuminate/View/Compilers/BladeCompiler.php(272): Illuminate/View/Compilers/BladeCompiler->compileComponentTags('<x-layouts.publ...')
#8 C:/Users/Agung Candra/Downloads/Compressed/sistem-pakar-laptop-laravel-mysql-migration/sistem-pakar-laravel/vendor/laravel/framework/src/Illuminate/View/Compilers/BladeCompiler.php(186): Illuminate/View/Compilers/BladeCompiler->compileString('<x-layouts.publ...')
#9 C:/Users/Agung Candra/Downloads/Compressed/sistem-pakar-laptop-laravel-mysql-migration/sistem-pakar-laravel/vendor/laravel/framework/src/Illuminate/View/Engines/CompilerEngine.php(67): Illuminate/View/Compilers/BladeCompiler->compile('C://Users//Agung ...')
#10 C:/Users/Agung Candra/Downloads/Compressed/sistem-pakar-laptop-laravel-mysql-migration/sistem-pakar-laravel/vendor/laravel/framework/src/Illuminate/View/View.php(209): Illuminate/View/Engines/CompilerEngine->get('C://Users//Agung ...', Array)
#11 C:/Users/Agung Candra/Downloads/Compressed/sistem-pakar-laptop-laravel-mysql-migration/sistem-pakar-laravel/vendor/laravel/framework/src/Illuminate/View/View.php(192): Illuminate/View/View->getContents()
#12 C:/Users/Agung Candra/Downloads/Compressed/sistem-pakar-laptop-laravel-mysql-migration/sistem-pakar-laravel/vendor/laravel/framework/src/Illuminate/View/View.php(161): Illuminate/View/View->renderContents()
#13 C:/Users/Agung Candra/Downloads/Compressed/sistem-pakar-laptop-laravel-mysql-migration/sistem-pakar-laravel/vendor/laravel/framework/src/Illuminate/Http/Response.php(79): Illuminate/View/View->render()
#14 C:/Users/Agung Candra/Downloads/Compressed/sistem-pakar-laptop-laravel-mysql-migration/sistem-pakar-laravel/vendor/laravel/framework/src/Illuminate/Http/Response.php(35): Illuminate/Http/Response->setContent(Object(Illuminate/View/View))
#15 C:/Users/Agung Candra/Downloads/Compressed/sistem-pakar-laptop-laravel-mysql-migration/sistem-pakar-laravel/vendor/laravel/framework/src/Illuminate/Routing/Router.php(920): Illuminate/Http/Response->__construct(Object(Illuminate/View/View), 200, Array)
#16 C:/Users/Agung Candra/Downloads/Compressed/sistem-pakar-laptop-laravel-mysql-migration/sistem-pakar-laravel/vendor/laravel/framework/src/Illuminate/Routing/Router.php(887): Illuminate/Routing/Router::toResponse(Object(Illuminate/Http/Request), Object(Illuminate/View/View))
#17 C:/Users/Agung Candra/Downloads/Compressed/sistem-pakar-laptop-laravel-mysql-migration/sistem-pakar-laravel/vendor/laravel/framework/src/Illuminate/Routing/Router.php(807): Illuminate/Routing/Router->prepareResponse(Object(Illuminate/Http/Request), Object(Illuminate/View/View))
#18 C:/Users/Agung Candra/Downloads/Compressed/sistem-pakar-laptop-laravel-mysql-migration/sistem-pakar-laravel/vendor/laravel/framework/src/Illuminate/Pipeline/Pipeline.php(170): Illuminate/Routing/Router->Illuminate/Routing/{closure}(Object(Illuminate/Http/Request))
#19 C:/Users/Agung Candra/Downloads/Compressed/sistem-pakar-laptop-laravel-mysql-migration/sistem-pakar-laravel/vendor/laravel/framework/src/Illuminate/Routing/Middleware/SubstituteBindings.php(51): Illuminate/Pipeline/Pipeline->Illuminate/Pipeline/{closure}(Object(Illuminate/Http/Request))
#20 C:/Users/Agung Candra/Downloads/Compressed/sistem-pakar-laptop-laravel-mysql-migration/sistem-pakar-laravel/vendor/laravel/framework/src/Illuminate/Pipeline/Pipeline.php(209): Illuminate/Routing/Middleware/SubstituteBindings->handle(Object(Illuminate/Http/Request), Object(Closure))
#21 C:/Users/Agung Candra/Downloads/Compressed/sistem-pakar-laptop-laravel-mysql-migration/sistem-pakar-laravel/vendor/laravel/framework/src/Illuminate/Foundation/Http/Middleware/VerifyCsrfToken.php(88): Illuminate/Pipeline/Pipeline->Illuminate/Pipeline/{closure}(Object(Illuminate/Http/Request))
#22 C:/Users/Agung Candra/Downloads/Compressed/sistem-pakar-laptop-laravel-mysql-migration/sistem-pakar-laravel/vendor/laravel/framework/src/Illuminate/Pipeline/Pipeline.php(209): Illuminate/Foundation/Http/Middleware/VerifyCsrfToken->handle(Object(Illuminate/Http/Request), Object(Closure))
#23 C:/Users/Agung Candra/Downloads/Compressed/sistem-pakar-laptop-laravel-mysql-migration/sistem-pakar-laravel/vendor/laravel/framework/src/Illuminate/View/Middleware/ShareErrorsFromSession.php(49): Illuminate/Pipeline/Pipeline->Illuminate/Pipeline/{closure}(Object(Illuminate/Http/Request))
#24 C:/Users/Agung Candra/Downloads/Compressed/sistem-pakar-laptop-laravel-mysql-migration/sistem-pakar-laravel/vendor/laravel/framework/src/Illuminate/Pipeline/Pipeline.php(209): Illuminate/View/Middleware/ShareErrorsFromSession->handle(Object(Illuminate/Http/Request), Object(Closure))
#25 C:/Users/Agung Candra/Downloads/Compressed/sistem-pakar-laptop-laravel-mysql-migration/sistem-pakar-laravel/vendor/laravel/framework/src/Illuminate/Session/Middleware/StartSession.php(121): Illuminate/Pipeline/Pipeline->Illuminate/Pipeline/{closure}(Object(Illuminate/Http/Request))
#26 C:/Users/Agung Candra/Downloads/Compressed/sistem-pakar-laptop-laravel-mysql-migration/sistem-pakar-laravel/vendor/laravel/framework/src/Illuminate/Session/Middleware/StartSession.php(64): Illuminate/Session/Middleware/StartSession->handleStatefulRequest(Object(Illuminate/Http/Request), Object(Illuminate/Session/Store), Object(Closure))
#27 C:/Users/Agung Candra/Downloads/Compressed/sistem-pakar-laptop-laravel-mysql-migration/sistem-pakar-laravel/vendor/laravel/framework/src/Illuminate/Pipeline/Pipeline.php(209): Illuminate/Session/Middleware/StartSession->handle(Object(Illuminate/Http/Request), Object(Closure))
#28 C:/Users/Agung Candra/Downloads/Compressed/sistem-pakar-laptop-laravel-mysql-migration/sistem-pakar-laravel/vendor/laravel/framework/src/Illuminate/Cookie/Middleware/AddQueuedCookiesToResponse.php(37): Illuminate/Pipeline/Pipeline->Illuminate/Pipeline/{closure}(Object(Illuminate/Http/Request))
#29 C:/Users/Agung Candra/Downloads/Compressed/sistem-pakar-laptop-laravel-mysql-migration/sistem-pakar-laravel/vendor/laravel/framework/src/Illuminate/Pipeline/Pipeline.php(209): Illuminate/Cookie/Middleware/AddQueuedCookiesToResponse->handle(Object(Illuminate/Http/Request), Object(Closure))
#30 C:/Users/Agung Candra/Downloads/Compressed/sistem-pakar-laptop-laravel-mysql-migration/sistem-pakar-laravel/vendor/laravel/framework/src/Illuminate/Cookie/Middleware/EncryptCookies.php(75): Illuminate/Pipeline/Pipeline->Illuminate/Pipeline/{closure}(Object(Illuminate/Http/Request))
#31 C:/Users/Agung Candra/Downloads/Compressed/sistem-pakar-laptop-laravel-mysql-migration/sistem-pakar-laravel/vendor/laravel/framework/src/Illuminate/Pipeline/Pipeline.php(209): Illuminate/Cookie/Middleware/EncryptCookies->handle(Object(Illuminate/Http/Request), Object(Closure))
#32 C:/Users/Agung Candra/Downloads/Compressed/sistem-pakar-laptop-laravel-mysql-migration/sistem-pakar-laravel/vendor/laravel/framework/src/Illuminate/Pipeline/Pipeline.php(127): Illuminate/Pipeline/Pipeline->Illuminate/Pipeline/{closure}(Object(Illuminate/Http/Request))
#33 C:/Users/Agung Candra/Downloads/Compressed/sistem-pakar-laptop-laravel-mysql-migration/sistem-pakar-laravel/vendor/laravel/framework/src/Illuminate/Routing/Router.php(807): Illuminate/Pipeline/Pipeline->then(Object(Closure))
#34 C:/Users/Agung Candra/Downloads/Compressed/sistem-pakar-laptop-laravel-mysql-migration/sistem-pakar-laravel/vendor/laravel/framework/src/Illuminate/Routing/Router.php(786): Illuminate/Routing/Router->runRouteWithinStack(Object(Illuminate/Routing/Route), Object(Illuminate/Http/Request))
#35 C:/Users/Agung Candra/Downloads/Compressed/sistem-pakar-laptop-laravel-mysql-migration/sistem-pakar-laravel/vendor/laravel/framework/src/Illuminate/Routing/Router.php(750): Illuminate/Routing/Router->runRoute(Object(Illuminate/Http/Request), Object(Illuminate/Routing/Route))
#36 C:/Users/Agung Candra/Downloads/Compressed/sistem-pakar-laptop-laravel-mysql-migration/sistem-pakar-laravel/vendor/laravel/framework/src/Illuminate/Routing/Router.php(739): Illuminate/Routing/Router->dispatchToRoute(Object(Illuminate/Http/Request))
#37 C:/Users/Agung Candra/Downloads/Compressed/sistem-pakar-laptop-laravel-mysql-migration/sistem-pakar-laravel/vendor/laravel/framework/src/Illuminate/Foundation/Http/Kernel.php(201): Illuminate/Routing/Router->dispatch(Object(Illuminate/Http/Request))
#38 C:/Users/Agung Candra/Downloads/Compressed/sistem-pakar-laptop-laravel-mysql-migration/sistem-pakar-laravel/vendor/laravel/framework/src/Illuminate/Pipeline/Pipeline.php(170): Illuminate/Foundation/Http/Kernel->Illuminate/Foundation/Http/{closure}(Object(Illuminate/Http/Request))
#39 C:/Users/Agung Candra/Downloads/Compressed/sistem-pakar-laptop-laravel-mysql-migration/sistem-pakar-laravel/vendor/laravel/framework/src/Illuminate/Foundation/Http/Middleware/TransformsRequest.php(21): Illuminate/Pipeline/Pipeline->Illuminate/Pipeline/{closure}(Object(Illuminate/Http/Request))
#40 C:/Users/Agung Candra/Downloads/Compressed/sistem-pakar-laptop-laravel-mysql-migration/sistem-pakar-laravel/vendor/laravel/framework/src/Illuminate/Foundation/Http/Middleware/ConvertEmptyStringsToNull.php(31): Illuminate/Foundation/Http/Middleware/TransformsRequest->handle(Object(Illuminate/Http/Request), Object(Closure))
#41 C:/Users/Agung Candra/Downloads/Compressed/sistem-pakar-laptop-laravel-mysql-migration/sistem-pakar-laravel/vendor/laravel/framework/src/Illuminate/Pipeline/Pipeline.php(209): Illuminate/Foundation/Http/Middleware/ConvertEmptyStringsToNull->handle(Object(Illuminate/Http/Request), Object(Closure))
#42 C:/Users/Agung Candra/Downloads/Compressed/sistem-pakar-laptop-laravel-mysql-migration/sistem-pakar-laravel/vendor/laravel/framework/src/Illuminate/Foundation/Http/Middleware/TransformsRequest.php(21): Illuminate/Pipeline/Pipeline->Illuminate/Pipeline/{closure}(Object(Illuminate/Http/Request))
#43 C:/Users/Agung Candra/Downloads/Compressed/sistem-pakar-laptop-laravel-mysql-migration/sistem-pakar-laravel/vendor/laravel/framework/src/Illuminate/Foundation/Http/Middleware/TrimStrings.php(51): Illuminate/Foundation/Http/Middleware/TransformsRequest->handle(Object(Illuminate/Http/Request), Object(Closure))
#44 C:/Users/Agung Candra/Downloads/Compressed/sistem-pakar-laptop-laravel-mysql-migration/sistem-pakar-laravel/vendor/laravel/framework/src/Illuminate/Pipeline/Pipeline.php(209): Illuminate/Foundation/Http/Middleware/TrimStrings->handle(Object(Illuminate/Http/Request), Object(Closure))
#45 C:/Users/Agung Candra/Downloads/Compressed/sistem-pakar-laptop-laravel-mysql-migration/sistem-pakar-laravel/vendor/laravel/framework/src/Illuminate/Http/Middleware/ValidatePostSize.php(27): Illuminate/Pipeline/Pipeline->Illuminate/Pipeline/{closure}(Object(Illuminate/Http/Request))
#46 C:/Users/Agung Candra/Downloads/Compressed/sistem-pakar-laptop-laravel-mysql-migration/sistem-pakar-laravel/vendor/laravel/framework/src/Illuminate/Pipeline/Pipeline.php(209): Illuminate/Http/Middleware/ValidatePostSize->handle(Object(Illuminate/Http/Request), Object(Closure))
#47 C:/Users/Agung Candra/Downloads/Compressed/sistem-pakar-laptop-laravel-mysql-migration/sistem-pakar-laravel/vendor/laravel/framework/src/Illuminate/Foundation/Http/Middleware/PreventRequestsDuringMaintenance.php(110): Illuminate/Pipeline/Pipeline->Illuminate/Pipeline/{closure}(Object(Illuminate/Http/Request))
#48 C:/Users/Agung Candra/Downloads/Compressed/sistem-pakar-laptop-laravel-mysql-migration/sistem-pakar-laravel/vendor/laravel/framework/src/Illuminate/Pipeline/Pipeline.php(209): Illuminate/Foundation/Http/Middleware/PreventRequestsDuringMaintenance->handle(Object(Illuminate/Http/Request), Object(Closure))
#49 C:/Users/Agung Candra/Downloads/Compressed/sistem-pakar-laptop-laravel-mysql-migration/sistem-pakar-laravel/vendor/laravel/framework/src/Illuminate/Http/Middleware/HandleCors.php(49): Illuminate/Pipeline/Pipeline->Illuminate/Pipeline/{closure}(Object(Illuminate/Http/Request))
#50 C:/Users/Agung Candra/Downloads/Compressed/sistem-pakar-laptop-laravel-mysql-migration/sistem-pakar-laravel/vendor/laravel/framework/src/Illuminate/Pipeline/Pipeline.php(209): Illuminate/Http/Middleware/HandleCors->handle(Object(Illuminate/Http/Request), Object(Closure))
#51 C:/Users/Agung Candra/Downloads/Compressed/sistem-pakar-laptop-laravel-mysql-migration/sistem-pakar-laravel/vendor/laravel/framework/src/Illuminate/Http/Middleware/TrustProxies.php(58): Illuminate/Pipeline/Pipeline->Illuminate/Pipeline/{closure}(Object(Illuminate/Http/Request))
#52 C:/Users/Agung Candra/Downloads/Compressed/sistem-pakar-laptop-laravel-mysql-migration/sistem-pakar-laravel/vendor/laravel/framework/src/Illuminate/Pipeline/Pipeline.php(209): Illuminate/Http/Middleware/TrustProxies->handle(Object(Illuminate/Http/Request), Object(Closure))
#53 C:/Users/Agung Candra/Downloads/Compressed/sistem-pakar-laptop-laravel-mysql-migration/sistem-pakar-laravel/vendor/laravel/framework/src/Illuminate/Foundation/Http/Middleware/InvokeDeferredCallbacks.php(22): Illuminate/Pipeline/Pipeline->Illuminate/Pipeline/{closure}(Object(Illuminate/Http/Request))
#54 C:/Users/Agung Candra/Downloads/Compressed/sistem-pakar-laptop-laravel-mysql-migration/sistem-pakar-laravel/vendor/laravel/framework/src/Illuminate/Pipeline/Pipeline.php(209): Illuminate/Foundation/Http/Middleware/InvokeDeferredCallbacks->handle(Object(Illuminate/Http/Request), Object(Closure))
#55 C:/Users/Agung Candra/Downloads/Compressed/sistem-pakar-laptop-laravel-mysql-migration/sistem-pakar-laravel/vendor/laravel/framework/src/Illuminate/Pipeline/Pipeline.php(127): Illuminate/Pipeline/Pipeline->Illuminate/Pipeline/{closure}(Object(Illuminate/Http/Request))
#56 C:/Users/Agung Candra/Downloads/Compressed/sistem-pakar-laptop-laravel-mysql-migration/sistem-pakar-laravel/vendor/laravel/framework/src/Illuminate/Foundation/Http/Kernel.php(176): Illuminate/Pipeline/Pipeline->then(Object(Closure))
#57 C:/Users/Agung Candra/Downloads/Compressed/sistem-pakar-laptop-laravel-mysql-migration/sistem-pakar-laravel/vendor/laravel/framework/src/Illuminate/Foundation/Http/Kernel.php(145): Illuminate/Foundation/Http/Kernel->sendRequestThroughRouter(Object(Illuminate/Http/Request))
#58 C:/Users/Agung Candra/Downloads/Compressed/sistem-pakar-laptop-laravel-mysql-migration/sistem-pakar-laravel/vendor/laravel/framework/src/Illuminate/Foundation/Application.php(1220): Illuminate/Foundation/Http/Kernel->handle(Object(Illuminate/Http/Request))
#59 C:/Users/Agung Candra/Downloads/Compressed/sistem-pakar-laptop-laravel-mysql-migration/sistem-pakar-laravel/public/index.php(17): Illuminate/Foundation/Application->handleRequest(Object(Illuminate/Http/Request))
#60 C:/Users/Agung Candra/Downloads/Compressed/sistem-pakar-laptop-laravel-mysql-migration/sistem-pakar-laravel/vendor/laravel/framework/src/Illuminate/Foundation/resources/server.php(23): require_once('C://Users//Agung ...')
#61 {main}
"} 
[2026-06-15 13:11:42] local.ERROR: Unable to locate a class or view for component [layouts.public]. {"userId":1,"exception":"[object] (InvalidArgumentException(code: 0): Unable to locate a class or view for component [layouts.public]. at C:/Users/Agung Candra/Downloads/Compressed/sistem-pakar-laptop-laravel-mysql-migration/sistem-pakar-laravel/vendor/laravel/framework/src/Illuminate/View/Compilers/ComponentTagCompiler.php:316)
[stacktrace]
#0 C:/Users/Agung Candra/Downloads/Compressed/sistem-pakar-laptop-laravel-mysql-migration/sistem-pakar-laravel/vendor/laravel/framework/src/Illuminate/View/Compilers/ComponentTagCompiler.php(236): Illuminate/View/Compilers/ComponentTagCompiler->componentClass('layouts.public')
#1 C:/Users/Agung Candra/Downloads/Compressed/sistem-pakar-laptop-laravel-mysql-migration/sistem-pakar-laravel/vendor/laravel/framework/src/Illuminate/View/Compilers/ComponentTagCompiler.php(157): Illuminate/View/Compilers/ComponentTagCompiler->componentString('layouts.public', Array)
#2 [internal function]: Illuminate/View/Compilers/ComponentTagCompiler->Illuminate/View/Compilers/{closure}(Array)
#3 C:/Users/Agung Candra/Downloads/Compressed/sistem-pakar-laptop-laravel-mysql-migration/sistem-pakar-laravel/vendor/laravel/framework/src/Illuminate/View/Compilers/ComponentTagCompiler.php(152): preg_replace_callback('//r/n            ...', Object(Closure), '<x-layouts.publ...')
#4 C:/Users/Agung Candra/Downloads/Compressed/sistem-pakar-laptop-laravel-mysql-migration/sistem-pakar-laravel/vendor/laravel/framework/src/Illuminate/View/Compilers/ComponentTagCompiler.php(91): Illuminate/View/Compilers/ComponentTagCompiler->compileOpeningTags('<x-layouts.publ...')
#5 C:/Users/Agung Candra/Downloads/Compressed/sistem-pakar-laptop-laravel-mysql-migration/sistem-pakar-laravel/vendor/laravel/framework/src/Illuminate/View/Compilers/ComponentTagCompiler.php(77): Illuminate/View/Compilers/ComponentTagCompiler->compileTags('<x-layouts.publ...')
#6 C:/Users/Agung Candra/Downloads/Compressed/sistem-pakar-laptop-laravel-mysql-migration/sistem-pakar-laravel/vendor/laravel/framework/src/Illuminate/View/Compilers/BladeCompiler.php(440): Illuminate/View/Compilers/ComponentTagCompiler->compile('<x-layouts.publ...')
#7 C:/Users/Agung Candra/Downloads/Compressed/sistem-pakar-laptop-laravel-mysql-migration/sistem-pakar-laravel/vendor/laravel/framework/src/Illuminate/View/Compilers/BladeCompiler.php(272): Illuminate/View/Compilers/BladeCompiler->compileComponentTags('<x-layouts.publ...')
#8 C:/Users/Agung Candra/Downloads/Compressed/sistem-pakar-laptop-laravel-mysql-migration/sistem-pakar-laravel/vendor/laravel/framework/src/Illuminate/View/Compilers/BladeCompiler.php(186): Illuminate/View/Compilers/BladeCompiler->compileString('<x-layouts.publ...')
#9 C:/Users/Agung Candra/Downloads/Compressed/sistem-pakar-laptop-laravel-mysql-migration/sistem-pakar-laravel/vendor/laravel/framework/src/Illuminate/View/Engines/CompilerEngine.php(67): Illuminate/View/Compilers/BladeCompiler->compile('C://Users//Agung ...')
#10 C:/Users/Agung Candra/Downloads/Compressed/sistem-pakar-laptop-laravel-mysql-migration/sistem-pakar-laravel/vendor/laravel/framework/src/Illuminate/View/View.php(209): Illuminate/View/Engines/CompilerEngine->get('C://Users//Agung ...', Array)
#11 C:/Users/Agung Candra/Downloads/Compressed/sistem-pakar-laptop-laravel-mysql-migration/sistem-pakar-laravel/vendor/laravel/framework/src/Illuminate/View/View.php(192): Illuminate/View/View->getContents()
#12 C:/Users/Agung Candra/Downloads/Compressed/sistem-pakar-laptop-laravel-mysql-migration/sistem-pakar-laravel/vendor/laravel/framework/src/Illuminate/View/View.php(161): Illuminate/View/View->renderContents()
#13 C:/Users/Agung Candra/Downloads/Compressed/sistem-pakar-laptop-laravel-mysql-migration/sistem-pakar-laravel/vendor/laravel/framework/src/Illuminate/Http/Response.php(79): Illuminate/View/View->render()
#14 C:/Users/Agung Candra/Downloads/Compressed/sistem-pakar-laptop-laravel-mysql-migration/sistem-pakar-laravel/vendor/laravel/framework/src/Illuminate/Http/Response.php(35): Illuminate/Http/Response->setContent(Object(Illuminate/View/View))
#15 C:/Users/Agung Candra/Downloads/Compressed/sistem-pakar-laptop-laravel-mysql-migration/sistem-pakar-laravel/vendor/laravel/framework/src/Illuminate/Routing/Router.php(920): Illuminate/Http/Response->__construct(Object(Illuminate/View/View), 200, Array)
#16 C:/Users/Agung Candra/Downloads/Compressed/sistem-pakar-laptop-laravel-mysql-migration/sistem-pakar-laravel/vendor/laravel/framework/src/Illuminate/Routing/Router.php(887): Illuminate/Routing/Router::toResponse(Object(Illuminate/Http/Request), Object(Illuminate/View/View))
#17 C:/Users/Agung Candra/Downloads/Compressed/sistem-pakar-laptop-laravel-mysql-migration/sistem-pakar-laravel/vendor/laravel/framework/src/Illuminate/Routing/Router.php(807): Illuminate/Routing/Router->prepareResponse(Object(Illuminate/Http/Request), Object(Illuminate/View/View))
#18 C:/Users/Agung Candra/Downloads/Compressed/sistem-pakar-laptop-laravel-mysql-migration/sistem-pakar-laravel/vendor/laravel/framework/src/Illuminate/Pipeline/Pipeline.php(170): Illuminate/Routing/Router->Illuminate/Routing/{closure}(Object(Illuminate/Http/Request))
#19 C:/Users/Agung Candra/Downloads/Compressed/sistem-pakar-laptop-laravel-mysql-migration/sistem-pakar-laravel/vendor/laravel/framework/src/Illuminate/Routing/Middleware/SubstituteBindings.php(51): Illuminate/Pipeline/Pipeline->Illuminate/Pipeline/{closure}(Object(Illuminate/Http/Request))
#20 C:/Users/Agung Candra/Downloads/Compressed/sistem-pakar-laptop-laravel-mysql-migration/sistem-pakar-laravel/vendor/laravel/framework/src/Illuminate/Pipeline/Pipeline.php(209): Illuminate/Routing/Middleware/SubstituteBindings->handle(Object(Illuminate/Http/Request), Object(Closure))
#21 C:/Users/Agung Candra/Downloads/Compressed/sistem-pakar-laptop-laravel-mysql-migration/sistem-pakar-laravel/vendor/laravel/framework/src/Illuminate/Foundation/Http/Middleware/VerifyCsrfToken.php(88): Illuminate/Pipeline/Pipeline->Illuminate/Pipeline/{closure}(Object(Illuminate/Http/Request))
#22 C:/Users/Agung Candra/Downloads/Compressed/sistem-pakar-laptop-laravel-mysql-migration/sistem-pakar-laravel/vendor/laravel/framework/src/Illuminate/Pipeline/Pipeline.php(209): Illuminate/Foundation/Http/Middleware/VerifyCsrfToken->handle(Object(Illuminate/Http/Request), Object(Closure))
#23 C:/Users/Agung Candra/Downloads/Compressed/sistem-pakar-laptop-laravel-mysql-migration/sistem-pakar-laravel/vendor/laravel/framework/src/Illuminate/View/Middleware/ShareErrorsFromSession.php(49): Illuminate/Pipeline/Pipeline->Illuminate/Pipeline/{closure}(Object(Illuminate/Http/Request))
#24 C:/Users/Agung Candra/Downloads/Compressed/sistem-pakar-laptop-laravel-mysql-migration/sistem-pakar-laravel/vendor/laravel/framework/src/Illuminate/Pipeline/Pipeline.php(209): Illuminate/View/Middleware/ShareErrorsFromSession->handle(Object(Illuminate/Http/Request), Object(Closure))
#25 C:/Users/Agung Candra/Downloads/Compressed/sistem-pakar-laptop-laravel-mysql-migration/sistem-pakar-laravel/vendor/laravel/framework/src/Illuminate/Session/Middleware/StartSession.php(121): Illuminate/Pipeline/Pipeline->Illuminate/Pipeline/{closure}(Object(Illuminate/Http/Request))
#26 C:/Users/Agung Candra/Downloads/Compressed/sistem-pakar-laptop-laravel-mysql-migration/sistem-pakar-laravel/vendor/laravel/framework/src/Illuminate/Session/Middleware/StartSession.php(64): Illuminate/Session/Middleware/StartSession->handleStatefulRequest(Object(Illuminate/Http/Request), Object(Illuminate/Session/Store), Object(Closure))
#27 C:/Users/Agung Candra/Downloads/Compressed/sistem-pakar-laptop-laravel-mysql-migration/sistem-pakar-laravel/vendor/laravel/framework/src/Illuminate/Pipeline/Pipeline.php(209): Illuminate/Session/Middleware/StartSession->handle(Object(Illuminate/Http/Request), Object(Closure))
#28 C:/Users/Agung Candra/Downloads/Compressed/sistem-pakar-laptop-laravel-mysql-migration/sistem-pakar-laravel/vendor/laravel/framework/src/Illuminate/Cookie/Middleware/AddQueuedCookiesToResponse.php(37): Illuminate/Pipeline/Pipeline->Illuminate/Pipeline/{closure}(Object(Illuminate/Http/Request))
#29 C:/Users/Agung Candra/Downloads/Compressed/sistem-pakar-laptop-laravel-mysql-migration/sistem-pakar-laravel/vendor/laravel/framework/src/Illuminate/Pipeline/Pipeline.php(209): Illuminate/Cookie/Middleware/AddQueuedCookiesToResponse->handle(Object(Illuminate/Http/Request), Object(Closure))
#30 C:/Users/Agung Candra/Downloads/Compressed/sistem-pakar-laptop-laravel-mysql-migration/sistem-pakar-laravel/vendor/laravel/framework/src/Illuminate/Cookie/Middleware/EncryptCookies.php(75): Illuminate/Pipeline/Pipeline->Illuminate/Pipeline/{closure}(Object(Illuminate/Http/Request))
#31 C:/Users/Agung Candra/Downloads/Compressed/sistem-pakar-laptop-laravel-mysql-migration/sistem-pakar-laravel/vendor/laravel/framework/src/Illuminate/Pipeline/Pipeline.php(209): Illuminate/Cookie/Middleware/EncryptCookies->handle(Object(Illuminate/Http/Request), Object(Closure))
#32 C:/Users/Agung Candra/Downloads/Compressed/sistem-pakar-laptop-laravel-mysql-migration/sistem-pakar-laravel/vendor/laravel/framework/src/Illuminate/Pipeline/Pipeline.php(127): Illuminate/Pipeline/Pipeline->Illuminate/Pipeline/{closure}(Object(Illuminate/Http/Request))
#33 C:/Users/Agung Candra/Downloads/Compressed/sistem-pakar-laptop-laravel-mysql-migration/sistem-pakar-laravel/vendor/laravel/framework/src/Illuminate/Routing/Router.php(807): Illuminate/Pipeline/Pipeline->then(Object(Closure))
#34 C:/Users/Agung Candra/Downloads/Compressed/sistem-pakar-laptop-laravel-mysql-migration/sistem-pakar-laravel/vendor/laravel/framework/src/Illuminate/Routing/Router.php(786): Illuminate/Routing/Router->runRouteWithinStack(Object(Illuminate/Routing/Route), Object(Illuminate/Http/Request))
#35 C:/Users/Agung Candra/Downloads/Compressed/sistem-pakar-laptop-laravel-mysql-migration/sistem-pakar-laravel/vendor/laravel/framework/src/Illuminate/Routing/Router.php(750): Illuminate/Routing/Router->runRoute(Object(Illuminate/Http/Request), Object(Illuminate/Routing/Route))
#36 C:/Users/Agung Candra/Downloads/Compressed/sistem-pakar-laptop-laravel-mysql-migration/sistem-pakar-laravel/vendor/laravel/framework/src/Illuminate/Routing/Router.php(739): Illuminate/Routing/Router->dispatchToRoute(Object(Illuminate/Http/Request))
#37 C:/Users/Agung Candra/Downloads/Compressed/sistem-pakar-laptop-laravel-mysql-migration/sistem-pakar-laravel/vendor/laravel/framework/src/Illuminate/Foundation/Http/Kernel.php(201): Illuminate/Routing/Router->dispatch(Object(Illuminate/Http/Request))
#38 C:/Users/Agung Candra/Downloads/Compressed/sistem-pakar-laptop-laravel-mysql-migration/sistem-pakar-laravel/vendor/laravel/framework/src/Illuminate/Pipeline/Pipeline.php(170): Illuminate/Foundation/Http/Kernel->Illuminate/Foundation/Http/{closure}(Object(Illuminate/Http/Request))
#39 C:/Users/Agung Candra/Downloads/Compressed/sistem-pakar-laptop-laravel-mysql-migration/sistem-pakar-laravel/vendor/laravel/framework/src/Illuminate/Foundation/Http/Middleware/TransformsRequest.php(21): Illuminate/Pipeline/Pipeline->Illuminate/Pipeline/{closure}(Object(Illuminate/Http/Request))
#40 C:/Users/Agung Candra/Downloads/Compressed/sistem-pakar-laptop-laravel-mysql-migration/sistem-pakar-laravel/vendor/laravel/framework/src/Illuminate/Foundation/Http/Middleware/ConvertEmptyStringsToNull.php(31): Illuminate/Foundation/Http/Middleware/TransformsRequest->handle(Object(Illuminate/Http/Request), Object(Closure))
#41 C:/Users/Agung Candra/Downloads/Compressed/sistem-pakar-laptop-laravel-mysql-migration/sistem-pakar-laravel/vendor/laravel/framework/src/Illuminate/Pipeline/Pipeline.php(209): Illuminate/Foundation/Http/Middleware/ConvertEmptyStringsToNull->handle(Object(Illuminate/Http/Request), Object(Closure))
#42 C:/Users/Agung Candra/Downloads/Compressed/sistem-pakar-laptop-laravel-mysql-migration/sistem-pakar-laravel/vendor/laravel/framework/src/Illuminate/Foundation/Http/Middleware/TransformsRequest.php(21): Illuminate/Pipeline/Pipeline->Illuminate/Pipeline/{closure}(Object(Illuminate/Http/Request))
#43 C:/Users/Agung Candra/Downloads/Compressed/sistem-pakar-laptop-laravel-mysql-migration/sistem-pakar-laravel/vendor/laravel/framework/src/Illuminate/Foundation/Http/Middleware/TrimStrings.php(51): Illuminate/Foundation/Http/Middleware/TransformsRequest->handle(Object(Illuminate/Http/Request), Object(Closure))
#44 C:/Users/Agung Candra/Downloads/Compressed/sistem-pakar-laptop-laravel-mysql-migration/sistem-pakar-laravel/vendor/laravel/framework/src/Illuminate/Pipeline/Pipeline.php(209): Illuminate/Foundation/Http/Middleware/TrimStrings->handle(Object(Illuminate/Http/Request), Object(Closure))
#45 C:/Users/Agung Candra/Downloads/Compressed/sistem-pakar-laptop-laravel-mysql-migration/sistem-pakar-laravel/vendor/laravel/framework/src/Illuminate/Http/Middleware/ValidatePostSize.php(27): Illuminate/Pipeline/Pipeline->Illuminate/Pipeline/{closure}(Object(Illuminate/Http/Request))
#46 C:/Users/Agung Candra/Downloads/Compressed/sistem-pakar-laptop-laravel-mysql-migration/sistem-pakar-laravel/vendor/laravel/framework/src/Illuminate/Pipeline/Pipeline.php(209): Illuminate/Http/Middleware/ValidatePostSize->handle(Object(Illuminate/Http/Request), Object(Closure))
#47 C:/Users/Agung Candra/Downloads/Compressed/sistem-pakar-laptop-laravel-mysql-migration/sistem-pakar-laravel/vendor/laravel/framework/src/Illuminate/Foundation/Http/Middleware/PreventRequestsDuringMaintenance.php(110): Illuminate/Pipeline/Pipeline->Illuminate/Pipeline/{closure}(Object(Illuminate/Http/Request))
#48 C:/Users/Agung Candra/Downloads/Compressed/sistem-pakar-laptop-laravel-mysql-migration/sistem-pakar-laravel/vendor/laravel/framework/src/Illuminate/Pipeline/Pipeline.php(209): Illuminate/Foundation/Http/Middleware/PreventRequestsDuringMaintenance->handle(Object(Illuminate/Http/Request), Object(Closure))
#49 C:/Users/Agung Candra/Downloads/Compressed/sistem-pakar-laptop-laravel-mysql-migration/sistem-pakar-laravel/vendor/laravel/framework/src/Illuminate/Http/Middleware/HandleCors.php(49): Illuminate/Pipeline/Pipeline->Illuminate/Pipeline/{closure}(Object(Illuminate/Http/Request))
#50 C:/Users/Agung Candra/Downloads/Compressed/sistem-pakar-laptop-laravel-mysql-migration/sistem-pakar-laravel/vendor/laravel/framework/src/Illuminate/Pipeline/Pipeline.php(209): Illuminate/Http/Middleware/HandleCors->handle(Object(Illuminate/Http/Request), Object(Closure))
#51 C:/Users/Agung Candra/Downloads/Compressed/sistem-pakar-laptop-laravel-mysql-migration/sistem-pakar-laravel/vendor/laravel/framework/src/Illuminate/Http/Middleware/TrustProxies.php(58): Illuminate/Pipeline/Pipeline->Illuminate/Pipeline/{closure}(Object(Illuminate/Http/Request))
#52 C:/Users/Agung Candra/Downloads/Compressed/sistem-pakar-laptop-laravel-mysql-migration/sistem-pakar-laravel/vendor/laravel/framework/src/Illuminate/Pipeline/Pipeline.php(209): Illuminate/Http/Middleware/TrustProxies->handle(Object(Illuminate/Http/Request), Object(Closure))
#53 C:/Users/Agung Candra/Downloads/Compressed/sistem-pakar-laptop-laravel-mysql-migration/sistem-pakar-laravel/vendor/laravel/framework/src/Illuminate/Foundation/Http/Middleware/InvokeDeferredCallbacks.php(22): Illuminate/Pipeline/Pipeline->Illuminate/Pipeline/{closure}(Object(Illuminate/Http/Request))
#54 C:/Users/Agung Candra/Downloads/Compressed/sistem-pakar-laptop-laravel-mysql-migration/sistem-pakar-laravel/vendor/laravel/framework/src/Illuminate/Pipeline/Pipeline.php(209): Illuminate/Foundation/Http/Middleware/InvokeDeferredCallbacks->handle(Object(Illuminate/Http/Request), Object(Closure))
#55 C:/Users/Agung Candra/Downloads/Compressed/sistem-pakar-laptop-laravel-mysql-migration/sistem-pakar-laravel/vendor/laravel/framework/src/Illuminate/Pipeline/Pipeline.php(127): Illuminate/Pipeline/Pipeline->Illuminate/Pipeline/{closure}(Object(Illuminate/Http/Request))
#56 C:/Users/Agung Candra/Downloads/Compressed/sistem-pakar-laptop-laravel-mysql-migration/sistem-pakar-laravel/vendor/laravel/framework/src/Illuminate/Foundation/Http/Kernel.php(176): Illuminate/Pipeline/Pipeline->then(Object(Closure))
#57 C:/Users/Agung Candra/Downloads/Compressed/sistem-pakar-laptop-laravel-mysql-migration/sistem-pakar-laravel/vendor/laravel/framework/src/Illuminate/Foundation/Http/Kernel.php(145): Illuminate/Foundation/Http/Kernel->sendRequestThroughRouter(Object(Illuminate/Http/Request))
#58 C:/Users/Agung Candra/Downloads/Compressed/sistem-pakar-laptop-laravel-mysql-migration/sistem-pakar-laravel/vendor/laravel/framework/src/Illuminate/Foundation/Application.php(1220): Illuminate/Foundation/Http/Kernel->handle(Object(Illuminate/Http/Request))
#59 C:/Users/Agung Candra/Downloads/Compressed/sistem-pakar-laptop-laravel-mysql-migration/sistem-pakar-laravel/public/index.php(17): Illuminate/Foundation/Application->handleRequest(Object(Illuminate/Http/Request))
#60 C:/Users/Agung Candra/Downloads/Compressed/sistem-pakar-laptop-laravel-mysql-migration/sistem-pakar-laravel/vendor/laravel/framework/src/Illuminate/Foundation/resources/server.php(23): require_once('C://Users//Agung ...')
#61 {main}
"} 
